Base path: /Applications/Unity4.5.1/Unity.app/Contents
Pipe name: \\.\pipe\UnityShaderCompiler-2--1332944896
Cmd: getPlatforms
Cmd: compileSnippet
  api=1 type=0 insize=526 outsize=238 kw= ok=1
Cmd: compileSnippet
  api=1 type=1 insize=526 outsize=262 kw= ok=1
Cmd: compileSnippet
  api=1 type=0 insize=526 outsize=956 kw= ok=1
Cmd: compileSnippet
  api=1 type=1 insize=526 outsize=289 kw= ok=1
Cmd: compileSnippet
  api=1 type=0 insize=526 outsize=956 kw= ok=1
Cmd: compileSnippet
  api=1 type=1 insize=526 outsize=289 kw= ok=1
Cmd: compileSnippet
  api=1 type=0 insize=527 outsize=956 kw= ok=1
Cmd: compileSnippet
  error: 2 plat 4 at FurHelper.cginc(30): incorrect number of arguments to numeric-type constructor
  api=4 type=1 insize=527 outsize=0 kw= ok=0
Cmd: compileSnippet
  error: 2 plat 8 at FurHelper.cginc(30): incorrect number of arguments to numeric-type constructor
  api=8 type=1 insize=527 outsize=0 kw= ok=0
Cmd: compileSnippet
  api=1 type=0 insize=527 outsize=956 kw= ok=1
Cmd: compileSnippet
  api=1 type=1 insize=527 outsize=289 kw= ok=1
Cmd: compileSnippet
  api=1 type=0 insize=527 outsize=956 kw= ok=1
Cmd: compileSnippet
  api=1 type=1 insize=527 outsize=289 kw= ok=1
Cmd: compileSnippet
  api=1 type=0 insize=528 outsize=956 kw= ok=1
Cmd: compileSnippet
  api=1 type=1 insize=528 outsize=282 kw= ok=1
Cmd: compileSnippet
  api=1 type=0 insize=528 outsize=956 kw= ok=1
Cmd: compileSnippet
  api=1 type=1 insize=528 outsize=289 kw= ok=1
Cmd: compileSnippet
  error: 2 plat 8 at FurHelper.cginc(30): incorrect number of arguments to numeric-type constructor
  api=8 type=1 insize=528 outsize=0 kw= ok=0
Cmd: compileSnippet
  api=1 type=0 insize=528 outsize=956 kw= ok=1
Cmd: compileSnippet
  api=1 type=1 insize=528 outsize=289 kw= ok=1
Cmd: compileSnippet
  api=1 type=0 insize=528 outsize=956 kw= ok=1
Cmd: compileSnippet
  api=1 type=1 insize=528 outsize=289 kw= ok=1
Cmd: compileSnippet
  api=1 type=0 insize=528 outsize=956 kw= ok=1
Cmd: compileSnippet
  api=1 type=1 insize=528 outsize=289 kw= ok=1
Cmd: compileSnippet
  api=1 type=0 insize=528 outsize=956 kw= ok=1
Cmd: compileSnippet
  api=1 type=1 insize=528 outsize=289 kw= ok=1
Cmd: compileSnippet
  api=1 type=0 insize=528 outsize=956 kw= ok=1
Cmd: compileSnippet
  api=1 type=1 insize=528 outsize=289 kw= ok=1
Cmd: compileSnippet
  api=1 type=0 insize=528 outsize=956 kw= ok=1
Cmd: compileSnippet
  api=1 type=1 insize=528 outsize=289 kw= ok=1
Cmd: compileSnippet
  api=1 type=0 insize=528 outsize=956 kw= ok=1
Cmd: compileSnippet
  api=1 type=1 insize=528 outsize=289 kw= ok=1
Cmd: compileSnippet
  api=1 type=0 insize=528 outsize=956 kw= ok=1
Cmd: compileSnippet
  api=1 type=1 insize=528 outsize=289 kw= ok=1
Cmd: compileSnippet
  api=1 type=0 insize=528 outsize=956 kw= ok=1
Cmd: compileSnippet
  api=1 type=1 insize=528 outsize=289 kw= ok=1
Cmd: compileSnippet
  error: 2 plat 8 at FurHelper.cginc(30): incorrect number of arguments to numeric-type constructor
  api=8 type=1 insize=528 outsize=0 kw= ok=0
Cmd: compileSnippet
  api=1 type=0 insize=528 outsize=956 kw= ok=1
Cmd: compileSnippet
  api=1 type=1 insize=528 outsize=289 kw= ok=1
Cmd: compileSnippet
  api=1 type=0 insize=528 outsize=956 kw= ok=1
Cmd: compileSnippet
  api=1 type=1 insize=528 outsize=289 kw= ok=1
Cmd: compileSnippet
  api=1 type=0 insize=528 outsize=956 kw= ok=1
Cmd: compileSnippet
  api=1 type=1 insize=528 outsize=289 kw= ok=1
Cmd: compileSnippet
  api=1 type=0 insize=528 outsize=956 kw= ok=1
Cmd: compileSnippet
  api=1 type=1 insize=528 outsize=289 kw= ok=1
Cmd: compileSnippet
  api=1 type=0 insize=528 outsize=956 kw= ok=1
Cmd: compileSnippet
  api=1 type=1 insize=528 outsize=289 kw= ok=1
Cmd: compileSnippet
  api=1 type=0 insize=528 outsize=956 kw= ok=1
Cmd: compileSnippet
  api=1 type=1 insize=528 outsize=289 kw= ok=1
Cmd: compileSnippet
  api=1 type=0 insize=528 outsize=956 kw= ok=1
Cmd: compileSnippet
  api=1 type=1 insize=528 outsize=289 kw= ok=1
Cmd: compileSnippet
  api=1 type=0 insize=528 outsize=956 kw= ok=1
Cmd: compileSnippet
  api=1 type=1 insize=528 outsize=289 kw= ok=1
Cmd: compileSnippet
  api=1 type=0 insize=528 outsize=956 kw= ok=1
Cmd: compileSnippet
  api=1 type=1 insize=528 outsize=289 kw= ok=1
Cmd: compileSnippet
  api=1 type=0 insize=528 outsize=956 kw= ok=1
Cmd: compileSnippet
  api=1 type=1 insize=528 outsize=289 kw= ok=1
Cmd: compileSnippet
  api=1 type=0 insize=528 outsize=956 kw= ok=1
Cmd: compileSnippet
  api=1 type=1 insize=528 outsize=289 kw= ok=1
Cmd: compileSnippet
  api=1 type=0 insize=528 outsize=956 kw= ok=1
Cmd: compileSnippet
  api=1 type=1 insize=528 outsize=289 kw= ok=1
Cmd: compileSnippet
  api=1 type=0 insize=528 outsize=956 kw= ok=1
Cmd: compileSnippet
  api=1 type=1 insize=528 outsize=289 kw= ok=1
Cmd: compileSnippet
  api=1 type=0 insize=528 outsize=956 kw= ok=1
Cmd: compileSnippet
  api=1 type=1 insize=528 outsize=289 kw= ok=1
Cmd: compileSnippet
  api=1 type=0 insize=528 outsize=956 kw= ok=1
Cmd: compileSnippet
  api=1 type=1 insize=528 outsize=289 kw= ok=1
Cmd: compileSnippet
  api=1 type=0 insize=528 outsize=956 kw= ok=1
Cmd: compileSnippet
  api=1 type=1 insize=528 outsize=289 kw= ok=1
Cmd: compileSnippet
  api=1 type=0 insize=528 outsize=956 kw= ok=1
Cmd: compileSnippet
  api=1 type=1 insize=528 outsize=289 kw= ok=1
Cmd: compileSnippet
  api=1 type=0 insize=528 outsize=956 kw= ok=1
Cmd: compileSnippet
  api=1 type=1 insize=528 outsize=289 kw= ok=1
Cmd: compileSnippet
  api=1 type=0 insize=528 outsize=956 kw= ok=1
Cmd: compileSnippet
  api=1 type=1 insize=528 outsize=289 kw= ok=1
Cmd: compileSnippet
  api=1 type=0 insize=528 outsize=956 kw= ok=1
Cmd: compileSnippet
  api=1 type=1 insize=528 outsize=289 kw= ok=1
Cmd: compileSnippet
  api=1 type=0 insize=528 outsize=956 kw= ok=1
Cmd: compileSnippet
  api=1 type=1 insize=528 outsize=289 kw= ok=1
Cmd: compileSnippet
  api=1 type=0 insize=528 outsize=956 kw= ok=1
Cmd: compileSnippet
  api=1 type=1 insize=528 outsize=289 kw= ok=1
Cmd: compileSnippet
  error: 2 plat 8 at FurHelper.cginc(30): incorrect number of arguments to numeric-type constructor
  api=8 type=1 insize=528 outsize=0 kw= ok=0
Cmd: compileSnippet
  api=1 type=0 insize=528 outsize=956 kw= ok=1
Cmd: compileSnippet
  api=1 type=1 insize=528 outsize=289 kw= ok=1
Cmd: compileSnippet
  api=1 type=0 insize=528 outsize=956 kw= ok=1
Cmd: compileSnippet
  api=1 type=1 insize=528 outsize=289 kw= ok=1
Cmd: compileSnippet
  api=1 type=0 insize=528 outsize=956 kw= ok=1
Cmd: compileSnippet
  api=1 type=1 insize=528 outsize=289 kw= ok=1
Cmd: compileSnippet
  api=1 type=0 insize=528 outsize=956 kw= ok=1
Cmd: compileSnippet
  api=1 type=1 insize=528 outsize=289 kw= ok=1
Cmd: compileSnippet
  api=1 type=0 insize=528 outsize=956 kw= ok=1
Cmd: compileSnippet
  api=1 type=1 insize=528 outsize=289 kw= ok=1
Cmd: compileSnippet
  api=1 type=0 insize=529 outsize=956 kw= ok=1
Cmd: compileSnippet
  api=1 type=1 insize=529 outsize=289 kw= ok=1
Cmd: compileSnippet
  error: 2 plat 8 at FurHelper.cginc(30): incorrect number of arguments to numeric-type constructor
  api=8 type=1 insize=529 outsize=0 kw= ok=0
Cmd: compileSnippet
  api=1 type=0 insize=529 outsize=956 kw= ok=1
Cmd: compileSnippet
  api=1 type=1 insize=529 outsize=289 kw= ok=1
Cmd: compileSnippet
  api=1 type=0 insize=529 outsize=956 kw= ok=1
Cmd: compileSnippet
  api=1 type=1 insize=529 outsize=289 kw= ok=1
Cmd: compileSnippet
  api=1 type=0 insize=529 outsize=956 kw= ok=1
Cmd: compileSnippet
  api=1 type=1 insize=529 outsize=289 kw= ok=1
Cmd: compileSnippet
  api=1 type=0 insize=529 outsize=956 kw= ok=1
Cmd: compileSnippet
  api=1 type=1 insize=529 outsize=289 kw= ok=1
Cmd: compileSnippet
  api=1 type=0 insize=529 outsize=956 kw= ok=1
Cmd: compileSnippet
  api=1 type=1 insize=529 outsize=289 kw= ok=1
Cmd: compileSnippet
  api=1 type=0 insize=529 outsize=956 kw= ok=1
Cmd: compileSnippet
  api=1 type=1 insize=529 outsize=289 kw= ok=1
Cmd: compileSnippet
  error: 2 plat 8 at FurHelper.cginc(30): incorrect number of arguments to numeric-type constructor
  api=8 type=1 insize=529 outsize=0 kw= ok=0
Cmd: compileSnippet
  api=1 type=0 insize=529 outsize=956 kw= ok=1
Cmd: compileSnippet
  api=1 type=1 insize=529 outsize=289 kw= ok=1
Cmd: compileSnippet
  error: 2 plat 8 at FurHelper.cginc(30): incorrect number of arguments to numeric-type constructor
  api=8 type=1 insize=529 outsize=0 kw= ok=0
Cmd: compileSnippet
  api=1 type=0 insize=529 outsize=956 kw= ok=1
Cmd: compileSnippet
  api=1 type=1 insize=529 outsize=289 kw= ok=1
Cmd: compileSnippet
  api=1 type=0 insize=529 outsize=956 kw= ok=1
Cmd: compileSnippet
  api=1 type=1 insize=529 outsize=289 kw= ok=1
Cmd: compileSnippet
  api=1 type=0 insize=529 outsize=956 kw= ok=1
Cmd: compileSnippet
  api=1 type=1 insize=529 outsize=289 kw= ok=1
Cmd: compileSnippet
  api=1 type=0 insize=529 outsize=956 kw= ok=1
Cmd: compileSnippet
  api=1 type=1 insize=529 outsize=289 kw= ok=1
Cmd: compileSnippet
  api=1 type=0 insize=529 outsize=956 kw= ok=1
Cmd: compileSnippet
  api=1 type=1 insize=529 outsize=289 kw= ok=1
Cmd: compileSnippet
  api=1 type=0 insize=529 outsize=956 kw= ok=1
Cmd: compileSnippet
  api=1 type=1 insize=529 outsize=289 kw= ok=1
Cmd: compileSnippet
  api=1 type=0 insize=529 outsize=956 kw= ok=1
Cmd: compileSnippet
  api=1 type=1 insize=529 outsize=289 kw= ok=1
Cmd: compileSnippet
  api=1 type=0 insize=529 outsize=956 kw= ok=1
Cmd: compileSnippet
  api=1 type=1 insize=529 outsize=289 kw= ok=1
